May 17 23:17 : player: played "Cartoon - On & On (feat. Daniel Levi) [NCS Release].mp3"
May 18 00:37 : player: played "Cartoon - On & On (feat. Daniel Levi) [NCS Release].mp3"
May 18 11:37 : player: played "Cartoon - On & On (feat. Daniel Levi) [NCS Release].mp3"
May 18 11:51 : exception: Not playing
May 18 12:04 : exception: Not playing
May 18 12:04 : exception: Not playing
May 18 12:04 : exception: Not playing
May 18 12:04 : player: played "Cartoon - On & On (feat. Daniel Levi) [NCS Release].mp3"
May 18 12:04 : player: played "NEFFEX - Grateful [Copyright Free].mp3"
May 18 12:05 : exception: Not playing
May 18 12:05 : exception: Not playing
May 18 12:05 : exception: Not playing
May 18 12:05 : exception: Not playing
May 18 12:05 : player: played "NEFFEX - Grateful [Copyright Free].mp3"
May 18 12:05 : exception: Not playing
May 18 12:05 : exception: Not playing
May 18 12:06 : player: played "Cartoon - On & On (feat. Daniel Levi) [NCS Release].mp3"
May 18 12:06 : player: played "NEFFEX - Grateful [Copyright Free].mp3"
May 19 14:21 : player: played "Cartoon - On & On (feat. Daniel Levi) [NCS Release].mp3"
May 19 14:21 : player: played "NEFFEX - Grateful [Copyright Free].mp3"
May 19 14:23 : player: played "NEFFEX - Grateful [Copyright Free].mp3"
May 19 14:23 : exception: Not playing
May 19 14:23 : exception: Not playing
May 19 14:23 : exception: Not playing
May 19 14:23 : exception: Not playing
May 19 14:23 : exception: Not playing
May 19 14:23 : player: played "Cartoon - On & On (feat. Daniel Levi) [NCS Release].mp3"
May 19 14:23 : player: played "Cartoon - On & On (feat. Daniel Levi) [NCS Release].mp3"
May 19 14:23 : player: played "NEFFEX - Grateful [Copyright Free].mp3"
May 19 14:23 : exception: Not playing
May 19 14:23 : player: played "NEFFEX - Grateful [Copyright Free].mp3"
May 19 14:24 : exception: Not playing
May 19 14:24 : player: played "NEFFEX - Grateful [Copyright Free].mp3"
May 19 14:24 : exception: Not playing
May 19 14:24 : exception: Not playing
May 19 14:24 : exception: Not playing
May 19 14:24 : player: played "NEFFEX - Grateful [Copyright Free].mp3"
May 19 14:24 : exception: Not playing
May 19 14:28 : player: played "NEFFEX - Grateful [Copyright Free].mp3"
May 19 14:28 : player: played "NEFFEX - Grateful [Copyright Free].mp3"
May 19 14:28 : exception: Not playing
May 19 14:42 : player: played "NEFFEX - Grateful [Copyright Free].mp3"
May 19 14:46 : exception: Not playing
May 19 14:46 : exception: Not playing
May 19 14:46 : player: played "NEFFEX - Grateful [Copyright Free].mp3"
May 19 14:46 : exception: Not playing
May 19 20:50 : exception: No such directory
May 19 20:50 : exception: No such playlist
May 19 20:51 : exception: Stored playlists are disabled
May 19 20:51 : exception: Access denied
May 19 20:51 : exception: No such directory
May 19 20:51 : exception: No such playlist
May 19 20:51 : exception: No such directory
May 19 20:51 : exception: No such playlist
May 19 20:53 : update: updating /Cartoon - On & On (feat. Daniel Levi) [NCS Release].mp3
May 19 20:53 : player: played "NEFFEX - Grateful [Copyright Free].mp3"
May 19 20:53 : update: updating /Culture Code - Make Me Move (feat. Karra) [NCS Release].mp3
May 19 20:53 : update: updating /Janji - Heroes Tonight (feat. Johnning) [NCS Release].mp3
May 19 20:53 : update: updating /N3WPORT - Power (feat. braev) [NCS Release].mp3
May 19 20:53 : update: updating /NEFFEX - Grateful [Copyright Free].mp3
May 19 20:53 : update: added /Chill Study Beats 📚 ~ Lofi Hip Hop Mix-juuUPOBenN4.mp3
May 19 20:56 : exception: Not playing
May 19 20:56 : exception: Not playing
May 19 20:56 : exception: Not playing
May 19 20:56 : exception: Not playing
May 19 20:56 : exception: Not playing
May 19 20:56 : exception: Not playing
May 19 20:56 : exception: Not playing
May 19 20:56 : exception: Not playing
May 19 20:56 : exception: Not playing
May 19 20:58 : exception: Stored playlists are disabled
May 19 21:01 : exception: Stored playlists are disabled
May 19 21:01 : exception: Stored playlists are disabled
May 19 21:02 : exception: Stored playlists are disabled
May 19 21:02 : player: played "Chill Study Beats 📚 ~ Lofi Hip Hop Mix-juuUPOBenN4.mp3"
May 19 21:02 : exception: Not playing
May 19 21:02 : exception: Not playing
May 19 21:02 : exception: Not playing
May 19 21:03 : player: played "Chill Study Beats 📚 ~ Lofi Hip Hop Mix-juuUPOBenN4.mp3"
May 19 21:03 : exception: Not playing
May 19 21:29 : player: played "Chill Study Beats 📚 ~ Lofi Hip Hop Mix-juuUPOBenN4.mp3"
May 19 21:29 : exception: Not playing
May 19 21:29 : exception: Not playing
May 19 21:30 : exception: Stored playlists are disabled
May 19 21:30 : update: added /Rainy Alley Behind Lofi Club - City Ambience, Relaxation and Chill Out-fna5mgapy98.mp3
May 19 21:30 : player: played "Chill Study Beats 📚 ~ Lofi Hip Hop Mix-juuUPOBenN4.mp3"
May 19 21:31 : exception: Stored playlists are disabled
May 19 21:32 : exception: Stored playlists are disabled
May 19 21:32 : exception: Stored playlists are disabled
May 19 21:34 : update: updating /Chill Study Beats 📚 ~ Lofi Hip Hop Mix-juuUPOBenN4.mp3
May 19 21:35 : update: updating /Rainy Alley Behind Lofi Club - City Ambience, Relaxation and Chill Out-fna5mgapy98.mp3
May 19 21:35 : update: updating /Rainy Alley Behind Lofi Club - City Ambience, Relaxation and Chill Out-fna5mgapy98.mp3
May 19 21:36 : player: played "Rainy Alley Behind Lofi Club - City Ambience, Relaxation and Chill Out-fna5mgapy98.mp3"
May 19 21:36 : exception: Not playing
May 19 21:36 : exception: Not playing
May 19 21:36 : exception: Not playing
May 19 21:39 : player: played "NEFFEX - Grateful [Copyright Free].mp3"
May 19 23:31 : player: played "Rainy Alley Behind Lofi Club - City Ambience, Relaxation and Chill Out-fna5mgapy98.mp3"
May 19 23:31 : exception: Not playing
May 19 23:34 : player: played "NEFFEX - Grateful [Copyright Free].mp3"
May 19 23:43 : player: played "Rainy Alley Behind Lofi Club - City Ambience, Relaxation and Chill Out-fna5mgapy98.mp3"
May 19 23:43 : player: played "Rainy Alley Behind Lofi Club - City Ambience, Relaxation and Chill Out-fna5mgapy98.mp3"
May 19 23:43 : player: played "Chill Study Beats 📚 ~ Lofi Hip Hop Mix-juuUPOBenN4.mp3"
May 19 23:43 : exception: Not playing
May 19 23:43 : exception: Not playing
May 19 23:58 : player: played "NEFFEX - Grateful [Copyright Free].mp3"
May 20 01:16 : player: played "Chill Study Beats 📚 ~ Lofi Hip Hop Mix-juuUPOBenN4.mp3"
May 20 13:41 : player: played "NEFFEX - Grateful [Copyright Free].mp3"
May 21 00:34 : player: played "Rainy Alley Behind Lofi Club - City Ambience, Relaxation and Chill Out-fna5mgapy98.mp3"
May 21 12:48 : player: played "Rainy Alley Behind Lofi Club - City Ambience, Relaxation and Chill Out-fna5mgapy98.mp3"
May 23 00:50 : player: played "Rainy Alley Behind Lofi Club - City Ambience, Relaxation and Chill Out-fna5mgapy98.mp3"
May 23 12:33 : player: played "Rainy Alley Behind Lofi Club - City Ambience, Relaxation and Chill Out-fna5mgapy98.mp3"
May 23 12:33 : exception: Not playing
May 23 12:33 : exception: Not playing
May 23 12:33 : exception: Not playing
May 23 13:54 : player: played "Chill Study Beats 📚 ~ Lofi Hip Hop Mix-juuUPOBenN4.mp3"
May 23 19:45 : player: played "Rainy Alley Behind Lofi Club - City Ambience, Relaxation and Chill Out-fna5mgapy98.mp3"
May 23 21:50 : player: played "Rainy Alley Behind Lofi Club - City Ambience, Relaxation and Chill Out-fna5mgapy98.mp3"
May 24 02:59 : player: played "Rainy Alley Behind Lofi Club - City Ambience, Relaxation and Chill Out-fna5mgapy98.mp3"
May 24 14:54 : player: played "Rainy Alley Behind Lofi Club - City Ambience, Relaxation and Chill Out-fna5mgapy98.mp3"
May 25 02:33 : player: played "Rainy Alley Behind Lofi Club - City Ambience, Relaxation and Chill Out-fna5mgapy98.mp3"
May 25 21:14 : player: played "Rainy Alley Behind Lofi Club - City Ambience, Relaxation and Chill Out-fna5mgapy98.mp3"
May 26 00:43 : player: played "Rainy Alley Behind Lofi Club - City Ambience, Relaxation and Chill Out-fna5mgapy98.mp3"
May 26 14:49 : player: played "Rainy Alley Behind Lofi Club - City Ambience, Relaxation and Chill Out-fna5mgapy98.mp3"
May 27 00:45 : player: played "Rainy Alley Behind Lofi Club - City Ambience, Relaxation and Chill Out-fna5mgapy98.mp3"
May 27 11:25 : player: played "Rainy Alley Behind Lofi Club - City Ambience, Relaxation and Chill Out-fna5mgapy98.mp3"
May 27 14:31 : player: played "Rainy Alley Behind Lofi Club - City Ambience, Relaxation and Chill Out-fna5mgapy98.mp3"
May 28 01:31 : player: played "Chill Study Beats 📚 ~ Lofi Hip Hop Mix-juuUPOBenN4.mp3"
May 28 23:39 : player: played "Chill Study Beats 📚 ~ Lofi Hip Hop Mix-juuUPOBenN4.mp3"
May 29 23:56 : player: played "Chill Study Beats 📚 ~ Lofi Hip Hop Mix-juuUPOBenN4.mp3"
May 30 10:48 : player: played "Chill Study Beats 📚 ~ Lofi Hip Hop Mix-juuUPOBenN4.mp3"
May 30 10:48 : player: played "NEFFEX - Grateful [Copyright Free].mp3"
